<html>
<head>
<title>TestNG:  Command line test</title>
<link href="../testng.css" rel="stylesheet" type="text/css" />
<link href="../my-testng.css" rel="stylesheet" type="text/css" />

<style type="text/css">
.log { display: none;} 
.stack-trace { display: none;} 
</style>
<script type="text/javascript">
<!--
function flip(e) {
  current = e.style.display;
  if (current == 'block') {
    e.style.display = 'none';
    return 0;
  }
  else {
    e.style.display = 'block';
    return 1;
  }
}

function toggleBox(szDivId, elem, msg1, msg2)
{
  var res = -1;  if (document.getElementById) {
    res = flip(document.getElementById(szDivId));
  }
  else if (document.all) {
    // this is the way old msie versions work
    res = flip(document.all[szDivId]);
  }
  if(elem) {
    if(res == 0) elem.innerHTML = msg1; else elem.innerHTML = msg2;
  }

}

function toggleAllBoxes() {
  if (document.getElementsByTagName) {
    d = document.getElementsByTagName('div');
    for (i = 0; i < d.length; i++) {
      if (d[i].className == 'log') {
        flip(d[i]);
      }
    }
  }
}

// -->
</script>

</head>
<body>
<h2 align='center'>Command line test</h2><table border='1' align="center">
<tr>
<td>Tests passed/Failed/Skipped:</td><td>19/1/0</td>
</tr><tr>
<td>Started on:</td><td>Wed Dec 16 02:30:24 GMT 2020</td>
</tr>
<tr><td>Total time:</td><td>202 seconds (202837 ms)</td>
</tr><tr>
<td>Included groups:</td><td></td>
</tr><tr>
<td>Excluded groups:</td><td></td>
</tr>
</table><p/>
<small><i>(Hover the method name to see the test class name)</i></small><p/>
<table width='100%' border='1' class='invocation-failed'>
<tr><td colspan='4' align='center'><b>FAILED TESTS</b></td></tr>
<tr><td><b>Test method</b></td>
<td width="30%"><b>Exception</b></td>
<td width="10%"><b>Time (seconds)</b></td>
<td><b>Instance</b></td>
</tr>
<tr>
<td title='seleniumZero.Tests.MainTest.main()'><b>main</b><br>Test class: seleniumZero.Tests.MainTest</td>
<td><div><pre>java.lang.AssertionError: expected [true] but found [false]
	at seleniumZero.Tests.MainTest.main(MainTest.java:49)
	at java.base/java.util.ArrayList.forEach(ArrayList.java:1507)
... Removed 41 stack frames</pre></div><a href='#' onClick='toggleBox("stack-trace1556341915", this, "Click to show all stack frames", "Click to hide stack frames")'>Click to show all stack frames</a>
<div class='stack-trace' id='stack-trace1556341915'><pre>java.lang.AssertionError: expected [true] but found [false]
	at org.testng.Assert.fail(Assert.java:97)
	at org.testng.Assert.failNotEquals(Assert.java:969)
	at org.testng.Assert.assertTrue(Assert.java:43)
	at org.testng.Assert.assertTrue(Assert.java:53)
	at seleniumZero.Tests.MainTest.main(MainTest.java:49)
	at java.base/jdk.internal.reflect.NativeMethodAccessorImpl.invoke0(Native Method)
	at java.base/jdk.internal.reflect.NativeMethodAccessorImpl.invoke(NativeMethodAccessorImpl.java:62)
	at java.base/jdk.internal.reflect.DelegatingMethodAccessorImpl.invoke(DelegatingMethodAccessorImpl.java:43)
	at java.base/java.lang.reflect.Method.invoke(Method.java:567)
	at org.testng.internal.MethodInvocationHelper.invokeMethod(MethodInvocationHelper.java:134)
	at org.testng.internal.TestInvoker.invokeMethod(TestInvoker.java:597)
	at org.testng.internal.TestInvoker.invokeTestMethod(TestInvoker.java:173)
	at org.testng.internal.MethodRunner.runInSequence(MethodRunner.java:46)
	at org.testng.internal.TestInvoker$MethodInvocationAgent.invoke(TestInvoker.java:816)
	at org.testng.internal.TestInvoker.invokeTestMethods(TestInvoker.java:146)
	at org.testng.internal.TestMethodWorker.invokeTestMethods(TestMethodWorker.java:146)
	at org.testng.internal.TestMethodWorker.run(TestMethodWorker.java:128)
	at java.base/java.util.ArrayList.forEach(ArrayList.java:1507)
	at org.testng.TestRunner.privateRun(TestRunner.java:766)
	at org.testng.TestRunner.run(TestRunner.java:587)
	at org.testng.SuiteRunner.runTest(SuiteRunner.java:384)
	at org.testng.SuiteRunner.runSequentially(SuiteRunner.java:378)
	at org.testng.SuiteRunner.privateRun(SuiteRunner.java:337)
	at org.testng.SuiteRunner.run(SuiteRunner.java:286)
	at org.testng.SuiteRunnerWorker.runSuite(SuiteRunnerWorker.java:53)
	at org.testng.SuiteRunnerWorker.run(SuiteRunnerWorker.java:96)
	at org.testng.TestNG.runSuitesSequentially(TestNG.java:1187)
	at org.testng.TestNG.runSuitesLocally(TestNG.java:1109)
	at org.testng.TestNG.runSuites(TestNG.java:1039)
	at org.testng.TestNG.run(TestNG.java:1007)
	at org.apache.maven.surefire.testng.TestNGExecutor.run(TestNGExecutor.java:77)
	at org.apache.maven.surefire.testng.TestNGDirectoryTestSuite.executeMulti(TestNGDirectoryTestSuite.java:159)
	at org.apache.maven.surefire.testng.TestNGDirectoryTestSuite.execute(TestNGDirectoryTestSuite.java:99)
	at org.apache.maven.surefire.testng.TestNGProvider.invoke(TestNGProvider.java:106)
	at java.base/jdk.internal.reflect.NativeMethodAccessorImpl.invoke0(Native Method)
	at java.base/jdk.internal.reflect.NativeMethodAccessorImpl.invoke(NativeMethodAccessorImpl.java:62)
	at java.base/jdk.internal.reflect.DelegatingMethodAccessorImpl.invoke(DelegatingMethodAccessorImpl.java:43)
	at java.base/java.lang.reflect.Method.invoke(Method.java:567)
	at org.apache.maven.surefire.util.ReflectionUtils.invokeMethodWithArray(ReflectionUtils.java:189)
	at org.apache.maven.surefire.booter.ProviderFactory$ProviderProxy.invoke(ProviderFactory.java:165)
	at org.apache.maven.surefire.booter.ProviderFactory.invokeProvider(ProviderFactory.java:85)
	at org.apache.maven.surefire.booter.ForkedBooter.runSuitesInProcess(ForkedBooter.java:115)
	at org.apache.maven.surefire.booter.ForkedBooter.main(ForkedBooter.java:75)
</pre></div></td>
<td>7</td>
<td>seleniumZero.Tests.MainTest@2fd66ad3</td></tr>
</table><p>
<table width='100%' border='1' class='invocation-passed'>
<tr><td colspan='4' align='center'><b>PASSED TESTS</b></td></tr>
<tr><td><b>Test method</b></td>
<td width="30%"><b>Exception</b></td>
<td width="10%"><b>Time (seconds)</b></td>
<td><b>Instance</b></td>
</tr>
<tr>
<td title='seleniumZero.Tests.AccountSummaryTest.Acc()'><b>Acc</b><br>Test class: seleniumZero.Tests.AccountSummaryTest</td>
<td></td>
<td>14</td>
<td>seleniumZero.Tests.AccountSummaryTest@4fcd19b3</td></tr>
<tr>
<td title='seleniumZero.Tests.loginTest.login()'><b>login</b><br>Test class: seleniumZero.Tests.loginTest</td>
<td></td>
<td>5</td>
<td>seleniumZero.Tests.loginTest@376b4233</td></tr>
<tr>
<td title='seleniumZero.Tests.loginTest.login1()'><b>login1</b><br>Test class: seleniumZero.Tests.loginTest<br>Parameters: username, password</td>
<td></td>
<td>3</td>
<td>seleniumZero.Tests.loginTest@376b4233</td></tr>
<tr>
<td title='seleniumZero.Tests.loginTest.login1()'><b>login1</b><br>Test class: seleniumZero.Tests.loginTest<br>Parameters: , </td>
<td></td>
<td>1</td>
<td>seleniumZero.Tests.loginTest@376b4233</td></tr>
<tr>
<td title='seleniumZero.Tests.loginTest.login1()'><b>login1</b><br>Test class: seleniumZero.Tests.loginTest<br>Parameters: , password</td>
<td></td>
<td>1</td>
<td>seleniumZero.Tests.loginTest@376b4233</td></tr>
<tr>
<td title='seleniumZero.Tests.loginTest.login1()'><b>login1</b><br>Test class: seleniumZero.Tests.loginTest<br>Parameters: password, </td>
<td></td>
<td>1</td>
<td>seleniumZero.Tests.loginTest@376b4233</td></tr>
<tr>
<td title='seleniumZero.Tests.loginTest.login1()'><b>login1</b><br>Test class: seleniumZero.Tests.loginTest<br>Parameters: user, password</td>
<td></td>
<td>1</td>
<td>seleniumZero.Tests.loginTest@376b4233</td></tr>
<tr>
<td title='seleniumZero.Tests.loginTest.login1()'><b>login1</b><br>Test class: seleniumZero.Tests.loginTest<br>Parameters: username, pass</td>
<td></td>
<td>1</td>
<td>seleniumZero.Tests.loginTest@376b4233</td></tr>
<tr>
<td title='seleniumZero.Tests.loginTest.login1()'><b>login1</b><br>Test class: seleniumZero.Tests.loginTest<br>Parameters: Username, password</td>
<td></td>
<td>1</td>
<td>seleniumZero.Tests.loginTest@376b4233</td></tr>
<tr>
<td title='seleniumZero.Tests.loginTest.login1()'><b>login1</b><br>Test class: seleniumZero.Tests.loginTest<br>Parameters: username, Password</td>
<td></td>
<td>2</td>
<td>seleniumZero.Tests.loginTest@376b4233</td></tr>
<tr>
<td title='seleniumZero.Tests.loginTest.login2()'><b>login2</b><br>Test class: seleniumZero.Tests.loginTest<br>Parameters: username, password</td>
<td></td>
<td>5</td>
<td>seleniumZero.Tests.loginTest@376b4233</td></tr>
<tr>
<td title='seleniumZero.Tests.loginTest.login2()'><b>login2</b><br>Test class: seleniumZero.Tests.loginTest<br>Parameters: username,     </td>
<td></td>
<td>3</td>
<td>seleniumZero.Tests.loginTest@376b4233</td></tr>
<tr>
<td title='seleniumZero.Tests.loginTest.login2()'><b>login2</b><br>Test class: seleniumZero.Tests.loginTest<br>Parameters:     , password</td>
<td></td>
<td>4</td>
<td>seleniumZero.Tests.loginTest@376b4233</td></tr>
<tr>
<td title='seleniumZero.Tests.loginTest.login2()'><b>login2</b><br>Test class: seleniumZero.Tests.loginTest<br>Parameters:     ,     </td>
<td></td>
<td>3</td>
<td>seleniumZero.Tests.loginTest@376b4233</td></tr>
<tr>
<td title='seleniumZero.Tests.loginTest.login2()'><b>login2</b><br>Test class: seleniumZero.Tests.loginTest<br>Parameters: Username, password</td>
<td></td>
<td>3</td>
<td>seleniumZero.Tests.loginTest@376b4233</td></tr>
<tr>
<td title='seleniumZero.Tests.loginTest.login2()'><b>login2</b><br>Test class: seleniumZero.Tests.loginTest<br>Parameters: username, Password</td>
<td></td>
<td>3</td>
<td>seleniumZero.Tests.loginTest@376b4233</td></tr>
<tr>
<td title='seleniumZero.Tests.loginTest.login2()'><b>login2</b><br>Test class: seleniumZero.Tests.loginTest<br>Parameters: user, password</td>
<td></td>
<td>3</td>
<td>seleniumZero.Tests.loginTest@376b4233</td></tr>
<tr>
<td title='seleniumZero.Tests.loginTest.login2()'><b>login2</b><br>Test class: seleniumZero.Tests.loginTest<br>Parameters: username, pass</td>
<td></td>
<td>3</td>
<td>seleniumZero.Tests.loginTest@376b4233</td></tr>
<tr>
<td title='seleniumZero.Tests.loginTest.login2()'><b>login2</b><br>Test class: seleniumZero.Tests.loginTest<br>Parameters: username1, password</td>
<td></td>
<td>3</td>
<td>seleniumZero.Tests.loginTest@376b4233</td></tr>
</table><p>
</body>
</html>